"../../../Engine/Content/Animation/DefaultAnimCurveCompressionSettings.uasset" 0
"../../../Engine/Content/Functions/Engine_MaterialFunctions01/Opacity/CameraDepthFade.uasset" 1
"../../../Engine/Content/EngineMaterials/T_Default_Material_Grid_M.uasset" 2
"../../../Engine/Content/EngineMaterials/T_Default_Material_Grid_N.uasset" 3
"../../../Engine/Content/EngineMaterials/WorldGridMaterial.uasset" 4
"../../../Engine/Content/ArtTools/RenderToTexture/Meshes/S_1_Unit_Plane.uasset" 5
"../../../Engine/Content/EngineMaterials/DefaultMaterial.uasset" 6
"../../../Engine/Content/BasicShapes/Cylinder.uasset" 7
"../../../Engine/Content/EditorLandscapeResources/DataLayer.uasset" 8
"../../../Engine/Content/EditorMaterials/MAT_Groups_Toggle.uasset" 9
"../../../Engine/Content/EditorMaterials/MAT_Groups_Visibility.uasset" 10
"../../../Engine/Content/EditorMaterials/PreviewShadowIndicator.uasset" 11
"../../../Engine/Content/EditorMaterials/PreviewShadowIndicatorMaterial.uasset" 12
"../../../Engine/Content/EditorMaterials/MatineeGroups/MAT_ColorTrack.uasset" 13
"../../../Engine/Content/EditorMaterials/MatineeGroups/MAT_Groups_Anim.uasset" 14
"../../../Engine/Content/EditorMaterials/MatineeGroups/MAT_Groups_AudioMaster.uasset" 15
"../../../Engine/Content/EditorMaterials/MatineeGroups/MAT_Groups_Director.uasset" 16
"../../../Engine/Content/EditorMaterials/MatineeGroups/MAT_Groups_Event.uasset" 17
"../../../Engine/Content/EditorMaterials/MatineeGroups/MAT_Groups_Fade.uasset" 18
"../../../Engine/Content/EditorMaterials/MatineeGroups/MAT_Groups_Float.uasset" 19
"../../../Engine/Content/EditorMaterials/MatineeGroups/MAT_Groups_Move.uasset" 20
"../../../Engine/Content/EditorMaterials/MatineeGroups/MAT_Groups_Slomo.uasset" 21
"../../../Engine/Content/EditorMaterials/MatineeGroups/MAT_Groups_Sound.uasset" 22
"../../../Engine/Content/EditorMaterials/MatineeGroups/MAT_Groups_Vector.uasset" 23
"../../../Engine/Content/EditorMaterials/ParticleSystems/PSysThumbnail_NoImage.uasset" 24
"../../../Engine/Content/EditorMaterials/ParticleSystems/PSysThumbnail_OOD.uasset" 25
"../../../Engine/Content/EditorMaterials/Camera/CineMat.uasset" 26
"../../../Engine/Content/EditorMaterials/Camera/MI_CineMat_Rig.uasset" 27
"../../../Engine/Content/EditorMeshes/Camera/SM_CraneRig_Arm.uasset" 28
"../../../Engine/Content/EditorMeshes/Camera/SM_CraneRig_Base.uasset" 29
"../../../Engine/Content/EditorMeshes/Camera/SM_CraneRig_Body.uasset" 30
"../../../Engine/Content/EditorMeshes/Camera/SM_CraneRig_Mount.uasset" 31
"../../../Engine/Content/EditorMeshes/Camera/SM_RailRig_Mount.uasset" 32
"../../../Engine/Content/EditorMeshes/Camera/SM_RailRig_Track.uasset" 33
"../../../Engine/Content/EditorResources/BSPVertex.uasset" 34
"../../../Engine/Content/EditorResources/S_Actor.uasset" 35
"../../../Engine/Content/EditorResources/S_Note.uasset" 36
"../../../Engine/Content/EditorResources/S_Solver.uasset" 37
"../../../Engine/Content/EditorResources/S_Trigger.uasset" 38
"../../../Engine/Content/EditorResources/SequenceRecorder/Countdown.uasset" 39
"../../../Engine/Content/EditorResources/SequenceRecorder/RecordingIndicator.uasset" 40
"../../../Engine/Content/EditorSounds/Notifications/CompileFailed.uasset" 41
"../../../Engine/Content/EditorSounds/Notifications/CompileFailed_Cue.uasset" 42
"../../../Engine/Content/EditorSounds/Notifications/CompileSuccess.uasset" 43
"../../../Engine/Content/EditorSounds/Notifications/CompileStart_Cue.uasset" 44
"../../../Engine/Content/EditorSounds/Notifications/CompileSuccess_Cue.uasset" 45
"../../../Engine/Content/EngineDamageTypes/DmgTypeBP_Environmental.uasset" 46
"../../../Engine/Content/EngineDebugMaterials/DebugEditorMaterial.uasset" 47
"../../../Engine/Content/EngineDebugMaterials/DebugMeshMaterial.uasset" 48
"../../../Engine/Content/EngineDebugMaterials/M_SimpleUnlitTranslucent.uasset" 49
"../../../Engine/Content/Functions/Engine_MaterialFunctions02/Utility/CameraDirectionVector.uasset" 50
"../../../Engine/Content/EngineDebugMaterials/VolumeToRender.uasset" 51
"../../../Engine/Content/EngineDebugMaterials/M_VolumeRenderSphereTracePP.uasset" 52
"../../../Engine/Content/EngineDebugMaterials/WireframeMaterial.uasset" 53
"../../../Engine/Content/EngineFonts/Faces/DroidSansFallback.uasset" 54
"../../../Engine/Content/EngineFonts/Faces/RobotoBold.uasset" 55
"../../../Engine/Content/EngineFonts/Faces/RobotoBoldItalic.uasset" 56
"../../../Engine/Content/EngineFonts/Faces/RobotoItalic.uasset" 57
"../../../Engine/Content/EngineFonts/Faces/RobotoLight.uasset" 58
"../../../Engine/Content/EngineFonts/Faces/RobotoRegular.uasset" 59
"../../../Engine/Content/EngineFonts/Roboto.uasset" 60
"../../../Engine/Content/EngineMaterials/BaseFlattenDiffuseMap.uasset" 61
"../../../Engine/Content/EngineMaterials/BaseFlattenEmissiveMap.uasset" 62
"../../../Engine/Content/EngineMaterials/BaseFlattenGrayscaleMap.uasset" 63
"../../../Engine/Content/EngineMaterials/BaseFlattenNormalMap.uasset" 64
"../../../Engine/Content/EngineMaterials/BaseFlattenMaterial.uasset" 65
"../../../Engine/Content/EngineMaterials/BlueNoise.uasset" 66
"../../../Engine/Content/EngineMaterials/DefaultBloomKernel.uasset" 67
"../../../Engine/Content/EngineMaterials/DefaultBokeh.uasset" 68
"../../../Engine/Content/EngineMaterials/DefaultDiffuse.uasset" 69
"../../../Engine/Content/EngineMaterials/DefaultDeferredDecalMaterial.uasset" 70
"../../../Engine/Content/EngineMaterials/DefaultLightFunctionMaterial.uasset" 71
"../../../Engine/Content/EngineMaterials/DefaultPhysicalMaterial.uasset" 72
"../../../Engine/Content/Functions/Engine_MaterialFunctions02/Utility/BreakOutFloat2Components.uasset" 73
"../../../Engine/Content/EngineMaterials/DefaultPostProcessMaterial.uasset" 74
"../../../Engine/Content/EngineFonts/RobotoDistanceField.uasset" 75
"../../../Engine/Content/EngineMaterials/DefaultTextMaterialOpaque.uasset" 76
"../../../Engine/Content/EngineMaterials/DefaultWhiteGrid.uasset" 77
"../../../Engine/Content/EngineMaterials/DefaultWhiteGrid_Low.uasset" 78
"../../../Engine/Content/EngineMaterials/EmissiveMeshMaterial.uasset" 79
"../../../Engine/Content/EngineMaterials/GizmoMaterial.uasset" 80
"../../../Engine/Content/EngineMaterials/Good64x64TilingNoiseHighFreq.uasset" 81
"../../../Engine/Content/EngineMaterials/MiniFont.uasset" 82
"../../../Engine/Content/EngineMaterials/InvalidLightmapSettings.uasset" 83
"../../../Engine/Content/EngineMaterials/M_InvalidLightmapSettings.uasset" 84
"../../../Engine/Content/Functions/Engine_MaterialFunctions02/WorldPositionOffset/CameraOffset.uasset" 85
"../../../Engine/Content/EngineMaterials/PhAT_JointLimitMaterial.uasset" 86
"../../../Engine/Content/EngineMaterials/PreintegratedSkinBRDF.uasset" 87
"../../../Engine/Content/EngineMaterials/RemoveSurfaceMaterial.uasset" 88
"../../../Engine/Content/EngineMaterials/WeightMapPlaceholderTexture.uasset" 89
"../../../Engine/Content/EngineResources/WhiteSquareTexture.uasset" 90
"../../../Engine/Content/EngineMaterials/Widget3DPassThrough.uasset" 91
"../../../Engine/Content/EngineMaterials/Widget3DPassThrough_Masked.uasset" 92
"../../../Engine/Content/EngineMaterials/Widget3DPassThrough_Opaque.uasset" 93
"../../../Engine/Content/EngineMaterials/Widget3DPassThrough_Masked_OneSided.uasset" 94
"../../../Engine/Content/EngineMaterials/Widget3DPassThrough_Opaque_OneSided.uasset" 95
"../../../Engine/Content/EngineMaterials/Widget3DPassThrough_Translucent.uasset" 96
"../../../Engine/Content/EngineMaterials/Widget3DPassThrough_Translucent_OneSided.uasset" 97
"../../../Engine/Content/EngineMeshes/Cylinder.uasset" 98
"../../../Engine/Content/EngineMeshes/Sphere.uasset" 99
"../../../Engine/Content/EngineResources/Black.uasset" 100
"../../../Engine/Content/EngineResources/DefaultTexture.uasset" 101
"../../../Engine/Content/EngineResources/DefaultTextureCube.uasset" 102
"../../../Engine/Content/EngineResources/DefaultVolumeTexture2D.uasset" 103
"../../../Engine/Content/EngineResources/DefaultVolumeTexture.uasset" 104
"../../../Engine/Content/EngineResources/GradientTexture0.uasset" 105
"../../../Engine/Content/EngineSounds/Master.uasset" 106
"../../../Engine/Content/Functions/Engine_MaterialFunctions01/Shading/ConvertFromDiffSpec.uasset" 107
"../../../Engine/Content/Functions/Engine_MaterialFunctions01/Shading/PowerToRoughness.uasset" 108
"../../../Engine/Content/Maps/Templates/Thumbnails/Default.uasset" 109
"../../../Engine/Content/Maps/Templates/Thumbnails/TimeOfDay.uasset" 110
"../../../Engine/Content/Maps/Templates/Thumbnails/VR-Basic.uasset" 111
"../../../Engine/Content/MobileResources/T_MobileControls_texture.uasset" 112
"../../../Engine/Content/MobileResources/T_MobileMenu2.uasset" 113
"../../../Engine/Content/MobileResources/HUD/AnalogHat.uasset" 114
"../../../Engine/Content/MobileResources/HUD/VirtualJoystick_Background.uasset" 115
"../../../Engine/Content/MobileResources/HUD/VirtualJoystick_Thumb.uasset" 116
"../../../Engine/Content/MobileResources/HUD/DefaultVirtualJoysticks.uasset" 117
"../../../Engine/Content/MobileResources/HUD/LeftVirtualJoystickOnly.uasset" 118
"../../../Engine/Content/MobileResources/HUD/MobileHUDButton1_off.uasset" 119
"../../../Engine/Content/MobileResources/HUD/MobileHUDButton1_on.uasset" 120
"../../../Engine/Content/MobileResources/HUD/MobileHUDButton2_off.uasset" 121
"../../../Engine/Content/MobileResources/HUD/MobileHUDButton2_on.uasset" 122
"../../../Engine/Content/MobileResources/HUD/MobileHUDButton3.uasset" 123
"../../../Engine/Content/MobileResources/HUD/MobileHUDButtonFire.uasset" 124
"../../../Engine/Content/MobileResources/HUD/MobileHUDDirectionPad.uasset" 125
"../../../Engine/Content/MobileResources/HUD/MobileHUDDirectionPad2.uasset" 126
"../../../Engine/Content/MobileResources/HUD/MobileHUDDirectionPad3.uasset" 127
"../../../Engine/Content/MobileResources/HUD/MobileHUDDirectionStick.uasset" 128
"../../../Engine/Content/MobileResources/HUD/T_Castle_ThumbstickInner.uasset" 129
"../../../Engine/Content/MobileResources/HUD/T_Castle_ThumbstickOutter.uasset" 130
"../../../Engine/Content/Tutorial/ContentIntroCurve.uasset" 131
"../../../Engine/Content/Tutorial/Basics/LevelEditorAttract.uasset" 132
"../../../Engine/Content/VREditor/LaserPointer/VR_LaserPower_01.uasset" 133
"../../../Engine/Content/VREditor/TransformGizmo/TransformGizmoMaterial.uasset" 134
"../../../Engine/Content/VREditor/TransformGizmo/TranslucentTransformGizmoMaterial.uasset" 135
"../../../Engine/Content/VREditor/TransformGizmo/BoundingBoxCorner.uasset" 136
"../../../Engine/Content/VREditor/TransformGizmo/BoundingBoxEdge.uasset" 137
"../../../Engine/Content/VREditor/TransformGizmo/PlaneTranslationHandle.uasset" 138
"../../../Engine/Content/VREditor/TransformGizmo/Main.uasset" 139
"../../../Engine/Content/VREditor/TransformGizmo/Xray.uasset" 140
"../../../Engine/Content/VREditor/TransformGizmo/SM_Sequencer_Key.uasset" 141
"../../../Engine/Content/VREditor/TransformGizmo/SM_Sequencer_Node.uasset" 142
"../../Plugins/2D/Paper2D/Content/PlaceholderTextures/DummySpriteTexture.uasset" 143
"../../Plugins/2D/Paper2D/Content/DummySprite.uasset" 144
"../../Plugins/2D/Paper2D/Content/DefaultPaperTerrainMaterial.uasset" 145
"../../Plugins/2D/Paper2D/Content/DefaultSpriteMaterial.uasset" 146
"../../Plugins/2D/Paper2D/Content/MaskedUnlitSpriteMaterial.uasset" 147
"../../Plugins/2D/Paper2D/Content/OpaqueUnlitSpriteMaterial.uasset" 148
"../../Plugins/FX/Niagara/Content/Enums/ENiagaraBooleanLogicOps.uasset" 149
"../../Plugins/FX/Niagara/Content/Enums/ENiagaraCoordinateSpace.uasset" 150
"../../Plugins/FX/Niagara/Content/Enums/ENiagaraExpansionMode.uasset" 151
"../../Plugins/FX/Niagara/Content/Enums/ENiagaraOrientationAxis.uasset" 152
"../../Plugins/FX/Niagara/Content/Enums/ENiagaraRandomnessMode.uasset" 153
"../../../Engine/Content/Functions/Engine_MaterialFunctions02/Utility/BreakOutFloat4Components.uasset" 154
"../../../Engine/Content/Functions/Engine_MaterialFunctions02/Utility/MakeFloat2.uasset" 155
"../../../Engine/Content/Functions/Engine_MaterialFunctions02/Utility/MakeFloat3.uasset" 156
"../../Plugins/Runtime/Oculus/OculusVR/Content/Materials/OculusMR_ChromaKey.uasset" 157
"../../Plugins/Runtime/Oculus/OculusVR/Content/Materials/OculusMR_ChromaKey_Lit.uasset" 158
"../../Plugins/Runtime/Oculus/OculusVR/Content/Materials/OculusMR_OpaqueColoredMaterial.uasset" 159
"../../Plugins/Runtime/Oculus/OculusVR/Content/Materials/OculusMR_WhiteMaterial.uasset" 160
"../../../Engine/Content/EditorBlueprintResources/StandardMacros.uasset" 161
"../../../../Jonatasexe/MonotripUltimate/Content/Widgets/BP_AeroportoPronto.uasset" 162
"../../../../Jonatasexe/MonotripUltimate/Content/Materials/Textures/cincoPNG.uasset" 163
"../../../../Jonatasexe/MonotripUltimate/Content/Materials/Textures/dois.uasset" 164
"../../../../Jonatasexe/MonotripUltimate/Content/Materials/Textures/quatro.uasset" 165
"../../../../Jonatasexe/MonotripUltimate/Content/Materials/Textures/seis.uasset" 166
"../../../../Jonatasexe/MonotripUltimate/Content/Materials/Textures/tres.uasset" 167
"../../../../Jonatasexe/MonotripUltimate/Content/Materials/Textures/um.uasset" 168
"../../../../Jonatasexe/MonotripUltimate/Content/Widgets/BP_PlayDice.uasset" 169
"../../../../Jonatasexe/MonotripUltimate/Content/Widgets/BP_WidgetAmazonia.uasset" 170
"../../../../Jonatasexe/MonotripUltimate/Content/FunctionsBot/BP_FunctionFromBot.uasset" 171
"../../../../Jonatasexe/MonotripUltimate/Content/Materials/M_Inside.uasset" 172
"../../../../Jonatasexe/MonotripUltimate/Content/Materials/M_Player.uasset" 173
"../../../../Jonatasexe/MonotripUltimate/Content/Materials/M_TextDiferente.uasset" 174
"../../../Engine/Content/BasicShapes/Cube.uasset" 175
"../../../Engine/Content/BasicShapes/Plane.uasset" 176
"../../../../Jonatasexe/MonotripUltimate/Content/Lugares/BP_Local.uasset" 177
"../../../Engine/Content/BasicShapes/BasicShapeMaterial.uasset" 178
"../../../Engine/Content/BasicShapes/Sphere.uasset" 179
"../../../../Jonatasexe/MonotripUltimate/Content/Widgets/BP_Repurchase.uasset" 180
"../../../../Jonatasexe/MonotripUltimate/Content/Widgets/BP_WidgetBuy.uasset" 181
"../../../../Jonatasexe/MonotripUltimate/Content/Widgets/BP_WidgetGame.uasset" 182
"../../../../Jonatasexe/MonotripUltimate/Content/Lugares/BP_LocalCasa.uasset" 183
"../../../../Jonatasexe/MonotripUltimate/Content/Widgets/BP_WidgetBeach.uasset" 184
"../../../../Jonatasexe/MonotripUltimate/Content/Lugares/BP_LocalPraia.uasset" 185
"../../../Engine/Content/BasicShapes/Cone.uasset" 186
"../../../../Jonatasexe/MonotripUltimate/Content/Widgets/BP_WidgetNotBuyThis.uasset" 187
"../../../../Jonatasexe/MonotripUltimate/Content/GameComponents/BP_PlayerTrip.uasset" 188
"../../../../Jonatasexe/MonotripUltimate/Content/GameComponents/BP_PlayerControllerTrip.uasset" 189
"../../../../Jonatasexe/MonotripUltimate/Content/Widgets/BP_WidgetAeroporto.uasset" 190
"../../../../Jonatasexe/MonotripUltimate/Content/Widgets/BP_WidgetCopaDoMUndo.uasset" 191
"../../../../Jonatasexe/MonotripUltimate/Content/Lugares/BP_LocalSpecial.uasset" 192
"../../../../Jonatasexe/MonotripUltimate/Content/Materials/M1_Player2.uasset" 193
"../../../../Jonatasexe/MonotripUltimate/Content/Materials/M1_Player4.uasset" 194
"../../../../Jonatasexe/MonotripUltimate/Content/Materials/MI_PLayer1.uasset" 195
"../../../../Jonatasexe/MonotripUltimate/Content/Materials/MI_Player3.uasset" 196
"../../../../Jonatasexe/MonotripUltimate/Content/Lugares/BP_LocalSpawm.uasset" 197
"../../../../Jonatasexe/MonotripUltimate/Content/SaveGame/BP_SaveGame.uasset" 198
"../../../../Jonatasexe/MonotripUltimate/Content/GameComponents/BP_GameModeTrip.uasset" 199
"../../../../Jonatasexe/MonotripUltimate/Content/Materials/Textures/luck.uasset" 200
"../../../../Jonatasexe/MonotripUltimate/Content/Materials/M_Vash.uasset" 201
"../../../../Jonatasexe/MonotripUltimate/Content/Widgets/WidgetSortier/BP_AeroportoNow.uasset" 202
"../../../../Jonatasexe/MonotripUltimate/Content/Widgets/WidgetSortier/BP_CartaSairAmazonia.uasset" 203
"../../../../Jonatasexe/MonotripUltimate/Content/Widgets/WidgetSortier/BP_DestruirCasa.uasset" 204
"../../../../Jonatasexe/MonotripUltimate/Content/Widgets/WidgetSortier/BP_Pega25Cada.uasset" 205
"../../../../Jonatasexe/MonotripUltimate/Content/Lugares/BP_LocalSorter.uasset" 206
"../../../../Jonatasexe/MonotripUltimate/Content/Levels/LevelGame.umap" 207
"../../../../Jonatasexe/MonotripUltimate/Content/Widgets/BP_ConfigBotsPlay.uasset" 208
"../../../../Jonatasexe/MonotripUltimate/Content/Widgets/BP_WidgetMenuGame.uasset" 209
"../../../../Jonatasexe/MonotripUltimate/Content/Levels/MainMenu.umap" 210
"../../../Engine/Content/Maps/Entry_BuiltData.uasset" 211
"../../../Engine/Content/Maps/Entry.umap" 212
